<?xml version="1.0" encoding="UTF-8"?>
<!-- Generated by org.testng.reporters.JUnitReportReporter -->
<testsuite hostname="LAPTOP-M8MK31VD" failures="0" tests="5" name="testngpackage.groupingtest" time="0.009" errors="0" timestamp="2022-01-01T17:33:32 IST" skipped="0">
  <testcase classname="testngpackage.groupingtest" name="test2" time="0.001"/>
  <system-out/>
  <testcase classname="testngpackage.groupingtest" name="test3" time="0.001"/>
  <system-out/>
  <testcase classname="testngpackage.groupingtest" name="test1" time="0.006"/>
  <system-out/>
  <testcase classname="testngpackage.groupingtest" name="test4" time="0.001"/>
  <system-out/>
  <testcase classname="testngpackage.groupingtest" name="test5" time="0.000"/>
  <system-out/>
</testsuite> <!-- testngpackage.groupingtest -->
