<?xml version="1.0" encoding="UTF-8"?>
<!-- Generated by org.testng.reporters.JUnitReportReporter -->
<testsuite hostname="MSI" failures="0" tests="2" name="testngpackage.testng4" time="0.007" errors="0" timestamp="2023-03-06T21:47:54 IST" skipped="0">
  <testcase classname="testngpackage.testng4" name="test4" time="0.001"/>
  <system-out/>
  <testcase classname="testngpackage.testng4" name="test3" time="0.006"/>
  <system-out/>
</testsuite> <!-- testngpackage.testng4 -->
