<?xml version="1.0" encoding="UTF-8"?>
<!-- Generated by org.testng.reporters.JUnitReportReporter -->
<testsuite hostname="LAPTOP-M8MK31VD" failures="0" tests="2" name="testngpackage.testng4" time="0.007" errors="0" timestamp="2022-05-23T10:57:44 IST" skipped="0">
  <testcase classname="testngpackage.testng4" name="test3" time="0.005"/>
  <system-out/>
  <testcase classname="testngpackage.testng4" name="test4" time="0.002"/>
  <system-out/>
</testsuite> <!-- testngpackage.testng4 -->
