<?xml version="1.0" encoding="UTF-8"?>
<!-- Generated by org.testng.reporters.JUnitReportReporter -->
<testsuite hostname="MSI" failures="0" tests="3" name="testngpackage.testng2" time="0.009" errors="0" timestamp="2023-03-06T21:47:12 IST" skipped="0">
  <testcase classname="testngpackage.testng2" name="test" time="0.007"/>
  <system-out/>
  <testcase classname="testngpackage.testng2" name="login" time="0.001"/>
  <system-out/>
  <testcase classname="testngpackage.testng2" name="teardown" time="0.001"/>
  <system-out/>
</testsuite> <!-- testngpackage.testng2 -->
