<?xml version="1.0" encoding="UTF-8"?>
<!-- Generated by org.testng.reporters.JUnitReportReporter -->
<testsuite hostname="LAPTOP-M8MK31VD" failures="0" tests="3" name="testngpackage.testng2" time="0.013" errors="0" timestamp="2021-12-01T16:32:50 IST" skipped="0">
  <testcase classname="testngpackage.testng2" name="test" time="0.010"/>
  <system-out/>
  <testcase classname="testngpackage.testng2" name="login" time="0.002"/>
  <system-out/>
  <testcase classname="testngpackage.testng2" name="teardown" time="0.001"/>
  <system-out/>
</testsuite> <!-- testngpackage.testng2 -->
