<?xml version="1.0" encoding="UTF-8"?>
<!-- Generated by org.testng.reporters.JUnitReportReporter -->
<testsuite hostname="MSI" failures="0" tests="3" name="testngpackage.testng1" time="0.006" errors="0" timestamp="2023-03-06T21:46:46 IST" skipped="1">
  <testcase classname="testngpackage.testng1" name="test1" time="0.005"/>
  <system-out/>
  <testcase classname="testngpackage.testng1" name="test3" time="0.001"/>
  <system-out/>
  <testcase classname="testngpackage.testng1" name="test2">
    <skipped/>
  </testcase> <!-- test2 -->
  <system-out/>
</testsuite> <!-- testngpackage.testng1 -->
