<?xml version="1.0" encoding="UTF-8"?>
<!-- Generated by org.testng.reporters.JUnitReportReporter -->
<testsuite hostname="LAPTOP-M8MK31VD" failures="0" tests="2" name="testngpackage.testexecutioncycle" time="0.007" errors="0" timestamp="2022-03-19T11:20:20 IST" skipped="0">
  <testcase classname="testngpackage.testexecutioncycle" name="test1" time="0.006"/>
  <system-out/>
  <testcase classname="testngpackage.testexecutioncycle" name="test2" time="0.001"/>
  <system-out/>
</testsuite> <!-- testngpackage.testexecutioncycle -->
