<?xml version="1.0" encoding="UTF-8"?>
<!-- Generated by org.testng.reporters.JUnitReportReporter -->
<testsuite hostname="MSI" failures="0" tests="4" name="testngpackage.testng3" time="0.011" errors="0" timestamp="2023-03-06T21:47:34 IST" skipped="0">
  <testcase classname="testngpackage.testng3" name="obrowser" time="0.009"/>
  <system-out/>
  <testcase classname="testngpackage.testng3" name="searchcustomer" time="0.001"/>
  <system-out/>
  <testcase classname="testngpackage.testng3" name="addcustomer" time="0.001"/>
  <system-out/>
  <testcase classname="testngpackage.testng3" name="teardown" time="0.000"/>
  <system-out/>
</testsuite> <!-- testngpackage.testng3 -->
