<?xml version="1.0" encoding="UTF-8"?>
<!-- Generated by org.testng.reporters.JUnitReportReporter -->
<testsuite hostname="LAPTOP-M8MK31VD" failures="0" tests="4" name="testngpackage.testng3" time="0.016" errors="0" timestamp="2021-12-05T08:59:36 IST" skipped="0">
  <testcase classname="testngpackage.testng3" name="obrowser" time="0.010"/>
  <system-out/>
  <testcase classname="testngpackage.testng3" name="searchcustomer" time="0.002"/>
  <system-out/>
  <testcase classname="testngpackage.testng3" name="addcustomer" time="0.002"/>
  <system-out/>
  <testcase classname="testngpackage.testng3" name="teardown" time="0.002"/>
  <system-out/>
</testsuite> <!-- testngpackage.testng3 -->
