<?xml version="1.0" encoding="UTF-8"?>
<!-- Generated by org.testng.reporters.JUnitReportReporter -->
<testsuite hostname="LAPTOP-M8MK31VD" failures="0" tests="1" name="testngpackage.testng" time="0.006" errors="0" timestamp="2022-03-19T11:20:43 IST" skipped="0">
  <testcase classname="testngpackage.testng" name="print" time="0.006"/>
  <system-out/>
</testsuite> <!-- testngpackage.testng -->
