<?xml version="1.0" encoding="UTF-8"?>
<!-- Generated by org.testng.reporters.JUnitReportReporter -->
<testsuite hostname="MSI" failures="0" tests="2" name="practicepackage.dataprovider" time="0.010" errors="0" timestamp="2023-03-06T07:27:54 IST" skipped="0">
  <testcase classname="practicepackage.dataprovider" name="logintest" time="0.008"/>
  <system-out/>
  <testcase classname="practicepackage.dataprovider" name="logintest" time="0.002"/>
  <system-out/>
</testsuite> <!-- practicepackage.dataprovider -->
