<?xml version="1.0" encoding="UTF-8"?>
<!-- Generated by org.testng.reporters.JUnitReportReporter -->
<testsuite hostname="LAPTOP-M8MK31VD" failures="0" tests="3" name="testngpackage.testng1" time="0.005" errors="0" timestamp="2022-05-23T10:49:30 IST" skipped="1">
  <testcase classname="testngpackage.testng1" name="test1" time="0.004"/>
  <system-out/>
  <testcase classname="testngpackage.testng1" name="test3" time="0.001"/>
  <system-out/>
  <testcase classname="testngpackage.testng1" name="test2">
    <skipped/>
  </testcase> <!-- test2 -->
  <system-out/>
</testsuite> <!-- testngpackage.testng1 -->
