<?xml version="1.0" encoding="UTF-8"?>
<!-- Generated by org.testng.reporters.JUnitReportReporter -->
<testsuite hostname="LAPTOP-M8MK31VD" failures="0" tests="4" name="testngpackage.dependencytest" time="0.009" errors="0" timestamp="2022-06-19T18:08:17 IST" skipped="0">
  <testcase classname="testngpackage.dependencytest" name="stoptatamotors" time="0.000"/>
  <system-out/>
  <testcase classname="testngpackage.dependencytest" name="parktatamotors" time="0.001"/>
  <system-out/>
  <testcase classname="testngpackage.dependencytest" name="starttatamotors" time="0.007"/>
  <system-out/>
  <testcase classname="testngpackage.dependencytest" name="drivetatamotors" time="0.001"/>
  <system-out/>
</testsuite> <!-- testngpackage.dependencytest -->
