<?xml version="1.0" encoding="UTF-8"?>
<!-- Generated by org.testng.reporters.JUnitReportReporter -->
<testsuite hostname="LAPTOP-M8MK31VD" failures="0" tests="2" name="practicepackage.dataprovider" time="0.005" errors="0" timestamp="2022-06-24T22:20:53 IST" skipped="0">
  <testcase classname="practicepackage.dataprovider" name="logintest" time="0.001"/>
  <system-out/>
  <testcase classname="practicepackage.dataprovider" name="logintest" time="0.004"/>
  <system-out/>
</testsuite> <!-- practicepackage.dataprovider -->
