<?xml version="1.0" encoding="UTF-8"?>
<!-- Generated by org.testng.reporters.JUnitReportReporter -->
<testsuite hostname="LAPTOP-M8MK31VD" failures="0" tests="3" name="practicepackage.dataproviders" time="0.009" errors="0" timestamp="2022-01-30T18:17:19 IST" skipped="0">
  <testcase classname="practicepackage.dataproviders" name="logintest" time="0.006"/>
  <system-out/>
  <testcase classname="practicepackage.dataproviders" name="logintest" time="0.001"/>
  <system-out/>
  <testcase classname="practicepackage.dataproviders" name="logintest" time="0.002"/>
  <system-out/>
</testsuite> <!-- practicepackage.dataproviders -->
